

-----------------------------------------
22:23:08.855 : Starting log.
22:23:08.855 INFO : Cataclysm DDA version 0.G-6202-g5d069f2eac-dirty
22:23:08.864 INFO : [main] C locale set to en_US.UTF-8
22:23:08.864 INFO : [main] C++ locale set to en_US.UTF-8
22:23:08.875 WARNING : opendir [/home/lynn/.config/cataclysm-dda/cache] failed with "No such file or directory".
22:23:08.879 INFO : [options] C locale set to en_US.UTF-8
22:23:08.879 INFO : [options] C++ locale set to en_US.UTF-8
22:23:38.914 : Log shutdown.
-----------------------------------------



-----------------------------------------
22:24:10.277 : Starting log.
22:24:10.277 INFO : Cataclysm DDA version 0.G-6202-g5d069f2eac-dirty
22:24:10.283 INFO : [main] C locale set to en_US.UTF-8
22:24:10.283 INFO : [main] C++ locale set to en_US.UTF-8
22:24:10.298 INFO : [options] C locale set to en_US.UTF-8
22:24:10.298 INFO : [options] C++ locale set to en_US.UTF-8
22:28:58.749 WARNING : opendir [/home/lynn/.local/share/cataclysm-dda/cache] failed with "No such file or directory".
22:38:21.003 INFO : src/mod_tracker.h:68: Tried check if 'adult_basic_background' had a duplicate, but type 'profession_group' does not track object sources
23:09:50.043 : Log shutdown.
-----------------------------------------



-----------------------------------------
22:18:47.018 : Starting log.
22:18:47.019 INFO : Cataclysm DDA version 0.G-6202-g5d069f2eac-dirty
22:18:47.025 INFO : [main] C locale set to en_US.UTF-8
22:18:47.025 INFO : [main] C++ locale set to en_US.UTF-8
22:18:47.048 INFO : [options] C locale set to en_US.UTF-8
22:18:47.048 INFO : [options] C++ locale set to en_US.UTF-8
22:21:00.882 WARNING : recipe_subset deserialized invalid recipe_id 'null'
22:42:26.304 : Log shutdown.
-----------------------------------------



-----------------------------------------
12:08:55.022 : Starting log.
12:08:55.022 INFO : Cataclysm DDA version 0.G-6202-g5d069f2eac-dirty
12:08:55.028 INFO : [main] C locale set to en_US.UTF-8
12:08:55.028 INFO : [main] C++ locale set to en_US.UTF-8
12:08:55.050 INFO : [options] C locale set to en_US.UTF-8
12:08:55.050 INFO : [options] C++ locale set to en_US.UTF-8


-----------------------------------------
19:58:53.486 : Starting log.
19:58:53.487 INFO : Cataclysm DDA version 0.G-6202-g5d069f2eac-dirty
19:58:53.493 INFO : [main] C locale set to en_US.UTF-8
19:58:53.493 INFO : [main] C++ locale set to en_US.UTF-8
19:58:53.514 INFO : [options] C locale set to en_US.UTF-8
19:58:53.515 INFO : [options] C++ locale set to en_US.UTF-8


-----------------------------------------
14:24:23.408 : Starting log.
14:24:23.408 INFO : Cataclysm DDA version 0.H
14:24:23.410 INFO : [main] C locale set to LC_CTYPE=de_DE.UTF-8;LC_NUMERIC=de_DE.UTF-8;LC_TIME=de_DE.UTF-8;LC_COLLATE=C;LC_MONETARY=de_DE.UTF-8;LC_MESSAGES=de_DE.UTF-8;LC_PAPER=de_DE.UTF-8;LC_NAME=de_DE.UTF-8;LC_ADDRESS=de_DE.UTF-8;LC_TELEPHONE=de_DE.UTF-8;LC_MEASUREMENT=de_DE.UTF-8;LC_IDENTIFICATION=de_DE.UTF-8
14:24:23.410 INFO : [main] C++ locale set to LC_CTYPE=de_DE.UTF-8;LC_NUMERIC=de_DE.UTF-8;LC_TIME=de_DE.UTF-8;LC_COLLATE=C;LC_MONETARY=de_DE.UTF-8;LC_MESSAGES=de_DE.UTF-8;LC_PAPER=de_DE.UTF-8;LC_NAME=de_DE.UTF-8;LC_ADDRESS=de_DE.UTF-8;LC_TELEPHONE=de_DE.UTF-8;LC_MEASUREMENT=de_DE.UTF-8;LC_IDENTIFICATION=de_DE.UTF-8
14:24:23.419 INFO : [options] C locale set to LC_CTYPE=de_DE.UTF-8;LC_NUMERIC=de_DE.UTF-8;LC_TIME=de_DE.UTF-8;LC_COLLATE=C;LC_MONETARY=de_DE.UTF-8;LC_MESSAGES=de_DE.UTF-8;LC_PAPER=de_DE.UTF-8;LC_NAME=de_DE.UTF-8;LC_ADDRESS=de_DE.UTF-8;LC_TELEPHONE=de_DE.UTF-8;LC_MEASUREMENT=de_DE.UTF-8;LC_IDENTIFICATION=de_DE.UTF-8
14:24:23.419 INFO : [options] C++ locale set to LC_CTYPE=de_DE.UTF-8;LC_NUMERIC=de_DE.UTF-8;LC_TIME=de_DE.UTF-8;LC_COLLATE=C;LC_MONETARY=de_DE.UTF-8;LC_MESSAGES=de_DE.UTF-8;LC_PAPER=de_DE.UTF-8;LC_NAME=de_DE.UTF-8;LC_ADDRESS=de_DE.UTF-8;LC_TELEPHONE=de_DE.UTF-8;LC_MEASUREMENT=de_DE.UTF-8;LC_IDENTIFICATION=de_DE.UTF-8
14:24:23.420 WARNING : opendir [data/cache] failed with "Datei oder Verzeichnis nicht gefunden".
14:24:35.026 : Log shutdown.
-----------------------------------------



-----------------------------------------
18:25:00.022 : Starting log.
18:25:00.023 INFO : Cataclysm DDA version 0.H
18:25:00.024 INFO : [main] C locale set to LC_CTYPE=de_DE.UTF-8;LC_NUMERIC=de_DE.UTF-8;LC_TIME=de_DE.UTF-8;LC_COLLATE=C;LC_MONETARY=de_DE.UTF-8;LC_MESSAGES=de_DE.UTF-8;LC_PAPER=de_DE.UTF-8;LC_NAME=de_DE.UTF-8;LC_ADDRESS=de_DE.UTF-8;LC_TELEPHONE=de_DE.UTF-8;LC_MEASUREMENT=de_DE.UTF-8;LC_IDENTIFICATION=de_DE.UTF-8
18:25:00.024 INFO : [main] C++ locale set to LC_CTYPE=de_DE.UTF-8;LC_NUMERIC=de_DE.UTF-8;LC_TIME=de_DE.UTF-8;LC_COLLATE=C;LC_MONETARY=de_DE.UTF-8;LC_MESSAGES=de_DE.UTF-8;LC_PAPER=de_DE.UTF-8;LC_NAME=de_DE.UTF-8;LC_ADDRESS=de_DE.UTF-8;LC_TELEPHONE=de_DE.UTF-8;LC_MEASUREMENT=de_DE.UTF-8;LC_IDENTIFICATION=de_DE.UTF-8
18:25:00.029 INFO : [options] C locale set to LC_CTYPE=de_DE.UTF-8;LC_NUMERIC=de_DE.UTF-8;LC_TIME=de_DE.UTF-8;LC_COLLATE=C;LC_MONETARY=de_DE.UTF-8;LC_MESSAGES=de_DE.UTF-8;LC_PAPER=de_DE.UTF-8;LC_NAME=de_DE.UTF-8;LC_ADDRESS=de_DE.UTF-8;LC_TELEPHONE=de_DE.UTF-8;LC_MEASUREMENT=de_DE.UTF-8;LC_IDENTIFICATION=de_DE.UTF-8
18:25:00.029 INFO : [options] C++ locale set to LC_CTYPE=de_DE.UTF-8;LC_NUMERIC=de_DE.UTF-8;LC_TIME=de_DE.UTF-8;LC_COLLATE=C;LC_MONETARY=de_DE.UTF-8;LC_MESSAGES=de_DE.UTF-8;LC_PAPER=de_DE.UTF-8;LC_NAME=de_DE.UTF-8;LC_ADDRESS=de_DE.UTF-8;LC_TELEPHONE=de_DE.UTF-8;LC_MEASUREMENT=de_DE.UTF-8;LC_IDENTIFICATION=de_DE.UTF-8
18:40:01.418 : Log shutdown.
-----------------------------------------

